[INFO] 2015-10-13 18:57:02,291 Keywords navigate - Navigating to URL
[INFO] 2015-10-13 18:57:08,959 Keywords setText - CLicking on the object specified
[INFO] 2015-10-13 18:57:09,676 Keywords setText - CLicking on the object specified
[INFO] 2015-10-13 18:57:10,545 Keywords click - CLicking on the object specified
[INFO] 2015-10-13 18:57:10,941 Keywords pause - Pause function executed
[INFO] 2015-10-13 18:57:14,162 Keywords click - CLicking on the object specified
[ERROR] 2015-10-13 18:57:16,463 Keywords click - An Error Occurred: no such element
  (Session info: chrome=45.0.2454.101)
  (Driver info: chromedriver=2.9.248315,platform=Windows NT 6.1 SP1 x86_64) (WARNING: The server did not provide any stacktrace information)
Command duration or timeout: 1.59 seconds
For documentation on this error, please visit: http://seleniumhq.org/exceptions/no_such_element.html
Build info: version: '2.48.1', revision: 'd80083d8f7b0b0319976ef9712f7a2b531abaceb', time: '2015-10-08 14:16:53'
System info: host: 'Surojit', ip: '192.168.1.150', os.name: 'Windows 7', os.arch: 'amd64', os.version: '6.1', java.version: '1.8.0_60'
Driver info: org.openqa.selenium.chrome.ChromeDriver
Capabilities [{applicationCacheEnabled=false, rotatable=false, chrome={userDataDir=C:\Users\SUROJI~1\AppData\Local\Temp\scoped_dir8588_22149}, takesHeapSnapshot=true, databaseEnabled=false, handlesAlerts=true, version=45.0.2454.101, platform=XP, browserConnectionEnabled=false, nativeEvents=true, acceptSslCerts=true, locationContextEnabled=true, webStorageEnabled=true, browserName=chrome, takesScreenshot=true, javascriptEnabled=true, cssSelectorsEnabled=true}]
Session ID: 66e7865be33ddd611a18998e1360eb91
*** Element info: {Using=css selector, value=#content > header > div > div > div > div.huser-panel > ul > li.head-post > div > a}
[INFO] 2015-10-13 18:57:16,570 Keywords pause - Pause function executed
[INFO] 2015-10-13 18:57:20,132 Keywords click - CLicking on the object specified
[ERROR] 2015-10-13 18:57:20,781 Keywords click - An Error Occurred: no such element
  (Session info: chrome=45.0.2454.101)
  (Driver info: chromedriver=2.9.248315,platform=Windows NT 6.1 SP1 x86_64) (WARNING: The server did not provide any stacktrace information)
Command duration or timeout: 244 milliseconds
For documentation on this error, please visit: http://seleniumhq.org/exceptions/no_such_element.html
Build info: version: '2.48.1', revision: 'd80083d8f7b0b0319976ef9712f7a2b531abaceb', time: '2015-10-08 14:16:53'
System info: host: 'Surojit', ip: '192.168.1.150', os.name: 'Windows 7', os.arch: 'amd64', os.version: '6.1', java.version: '1.8.0_60'
Driver info: org.openqa.selenium.chrome.ChromeDriver
Capabilities [{applicationCacheEnabled=false, rotatable=false, chrome={userDataDir=C:\Users\SUROJI~1\AppData\Local\Temp\scoped_dir8588_22149}, takesHeapSnapshot=true, databaseEnabled=false, handlesAlerts=true, version=45.0.2454.101, platform=XP, browserConnectionEnabled=false, nativeEvents=true, acceptSslCerts=true, locationContextEnabled=true, webStorageEnabled=true, browserName=chrome, takesScreenshot=true, javascriptEnabled=true, cssSelectorsEnabled=true}]
Session ID: 66e7865be33ddd611a18998e1360eb91
*** Element info: {Using=xpath, value=/html/body/div[8]/div[2]/div/div[1]/i/a}
[INFO] 2015-10-13 18:57:20,939 Keywords pause - Pause function executed
[INFO] 2015-10-13 18:57:24,151 Keywords click - CLicking on the object specified
