[INFO] 2015-10-13 19:23:00,765 com.hybird.utility.ExcelDecissionMaker readYesTestCases - Authentication - Login
[INFO] 2015-10-13 19:23:00,853 Keywords openBrowser - Opening Chrome Browser
[INFO] 2015-10-13 19:23:06,789 Keywords navigate - Navigating to URL
[INFO] 2015-10-13 19:23:12,224 Keywords setText - CLicking on the object specified
[INFO] 2015-10-13 19:23:12,565 Keywords setText - CLicking on the object specified
[INFO] 2015-10-13 19:23:12,998 Keywords click - CLicking on the object specified
[INFO] 2015-10-13 19:23:13,323 Keywords pause - Pause function executed
[INFO] 2015-10-13 19:23:16,613 Keywords pause - Pause function executed
[INFO] 2015-10-13 19:23:19,860 Keywords click - CLicking on the object specified
[ERROR] 2015-10-13 19:23:21,597 Keywords click - An Error Occurred: unknown error: No selector specified
  (Session info: chrome=45.0.2454.101)
  (Driver info: chromedriver=2.9.248315,platform=Windows NT 6.1 SP1 x86_64) (WARNING: The server did not provide any stacktrace information)
Command duration or timeout: 277 milliseconds
Build info: version: '2.48.1', revision: 'd80083d8f7b0b0319976ef9712f7a2b531abaceb', time: '2015-10-08 14:16:53'
System info: host: 'Surojit', ip: '192.168.1.150', os.name: 'Windows 7', os.arch: 'amd64', os.version: '6.1', java.version: '1.8.0_60'
Driver info: org.openqa.selenium.chrome.ChromeDriver
Capabilities [{applicationCacheEnabled=false, rotatable=false, chrome={userDataDir=C:\Users\SUROJI~1\AppData\Local\Temp\scoped_dir18608_27755}, takesHeapSnapshot=true, databaseEnabled=false, handlesAlerts=true, version=45.0.2454.101, platform=XP, browserConnectionEnabled=false, nativeEvents=true, acceptSslCerts=true, locationContextEnabled=true, webStorageEnabled=true, browserName=chrome, takesScreenshot=true, javascriptEnabled=true, cssSelectorsEnabled=true}]
Session ID: c25b48e3d0a62ce1a5ca9d9121fdcee9
*** Element info: {Using=css selector, value=}
[INFO] 2015-10-13 19:23:21,649 Keywords pause - Pause function executed
[INFO] 2015-10-13 19:23:24,747 Keywords click - CLicking on the object specified
[ERROR] 2015-10-13 19:23:25,368 Keywords click - An Error Occurred: invalid selector: Unable to locate an element with the xpath expression  because of the following error:
SyntaxError: Failed to execute 'evaluate' on 'Document': The string '' is not a valid XPath expression.
  (Session info: chrome=45.0.2454.101)
  (Driver info: chromedriver=2.9.248315,platform=Windows NT 6.1 SP1 x86_64) (WARNING: The server did not provide any stacktrace information)
Command duration or timeout: 72 milliseconds
For documentation on this error, please visit: http://seleniumhq.org/exceptions/invalid_selector_exception.html
Build info: version: '2.48.1', revision: 'd80083d8f7b0b0319976ef9712f7a2b531abaceb', time: '2015-10-08 14:16:53'
System info: host: 'Surojit', ip: '192.168.1.150', os.name: 'Windows 7', os.arch: 'amd64', os.version: '6.1', java.version: '1.8.0_60'
Driver info: org.openqa.selenium.chrome.ChromeDriver
Capabilities [{applicationCacheEnabled=false, rotatable=false, chrome={userDataDir=C:\Users\SUROJI~1\AppData\Local\Temp\scoped_dir18608_27755}, takesHeapSnapshot=true, databaseEnabled=false, handlesAlerts=true, version=45.0.2454.101, platform=XP, browserConnectionEnabled=false, nativeEvents=true, acceptSslCerts=true, locationContextEnabled=true, webStorageEnabled=true, browserName=chrome, takesScreenshot=true, javascriptEnabled=true, cssSelectorsEnabled=true}]
Session ID: c25b48e3d0a62ce1a5ca9d9121fdcee9
*** Element info: {Using=xpath, value=}
[INFO] 2015-10-13 19:23:25,570 Keywords pause - Pause function executed
[INFO] 2015-10-13 19:23:28,619 Keywords click - CLicking on the object specified
