[INFO] 2015-10-15 20:19:00,405 Keywords pause - Pause function executed
[INFO] 2015-10-15 20:19:03,769 Keywords click - CLicking on the object specified
[INFO] 2015-10-15 20:19:04,332 Keywords setText - CLicking on the object specified
[INFO] 2015-10-15 20:19:04,981 Keywords click - CLicking on the object specified
[INFO] 2015-10-15 20:19:05,159 Keywords pause - Pause function executed
[INFO] 2015-10-15 20:19:08,762 Keywords click - CLicking on the object specified
[ERROR] 2015-10-15 20:19:09,681 Keywords click - An Error Occurred: unknown error: Element is not clickable at point (267, 59). Other element would receive the click: <div class="ui-widget-overlay ui-front"></div>
  (Session info: chrome=45.0.2454.101)
  (Driver info: chromedriver=2.9.248315,platform=Windows NT 6.1 SP1 x86_64) (WARNING: The server did not provide any stacktrace information)
Command duration or timeout: 161 milliseconds
Build info: version: '2.48.2', revision: '41bccdd', time: '2015-10-09 19:55:52'
System info: host: 'Surojit', ip: '192.168.1.150', os.name: 'Windows 7', os.arch: 'amd64', os.version: '6.1', java.version: '1.8.0_60'
Driver info: org.openqa.selenium.chrome.ChromeDriver
Capabilities [{applicationCacheEnabled=false, rotatable=false, chrome={userDataDir=C:\Users\SUROJI~1\AppData\Local\Temp\scoped_dir22664_3426}, takesHeapSnapshot=true, databaseEnabled=false, handlesAlerts=true, version=45.0.2454.101, platform=XP, browserConnectionEnabled=false, nativeEvents=true, acceptSslCerts=true, locationContextEnabled=true, webStorageEnabled=true, browserName=chrome, takesScreenshot=true, javascriptEnabled=true, cssSelectorsEnabled=true}]
Session ID: 44dd1b9ab8e5e4bfc506e798263b2044
[ERROR] 2015-10-15 20:19:10,314 Keywords isTextPresent - An error orrcured: no such element
  (Session info: chrome=45.0.2454.101)
  (Driver info: chromedriver=2.9.248315,platform=Windows NT 6.1 SP1 x86_64) (WARNING: The server did not provide any stacktrace information)
Command duration or timeout: 34 milliseconds
For documentation on this error, please visit: http://seleniumhq.org/exceptions/no_such_element.html
Build info: version: '2.48.2', revision: '41bccdd', time: '2015-10-09 19:55:52'
System info: host: 'Surojit', ip: '192.168.1.150', os.name: 'Windows 7', os.arch: 'amd64', os.version: '6.1', java.version: '1.8.0_60'
Driver info: org.openqa.selenium.chrome.ChromeDriver
Capabilities [{applicationCacheEnabled=false, rotatable=false, chrome={userDataDir=C:\Users\SUROJI~1\AppData\Local\Temp\scoped_dir22664_3426}, takesHeapSnapshot=true, databaseEnabled=false, handlesAlerts=true, version=45.0.2454.101, platform=XP, browserConnectionEnabled=false, nativeEvents=true, acceptSslCerts=true, locationContextEnabled=true, webStorageEnabled=true, browserName=chrome, takesScreenshot=true, javascriptEnabled=true, cssSelectorsEnabled=true}]
Session ID: 44dd1b9ab8e5e4bfc506e798263b2044
*** Element info: {Using=xpath, value=//*[@id="sign_in_form"]/h1}
[INFO] 2015-10-15 20:19:10,461 Keywords quitBrowser - Closing the browser
