[INFO] 2015-10-16 00:10:24,976 com.htaf.utility.MasterDriver readYesModules - Reading all the modules which have run mode Yes.
[INFO] 2015-10-16 00:10:26,763 com.htaf.utility.MasterDriver readYesTestCases - Create New Status Update
[INFO] 2015-10-16 00:10:26,888 Keywords openBrowser - Opening Chrome Browser
[INFO] 2015-10-16 00:10:33,651 Keywords navigate - Navigating to URL
[INFO] 2015-10-16 00:10:42,816 Keywords setText - CLicking on the object specified
[INFO] 2015-10-16 00:10:43,699 Keywords setText - CLicking on the object specified
[INFO] 2015-10-16 00:10:44,145 Keywords click - CLicking on the object specified
[INFO] 2015-10-16 00:10:44,543 Keywords pause - Pause function executed
[INFO] 2015-10-16 00:10:54,734 Keywords click - CLicking on the object specified
[INFO] 2015-10-16 00:10:55,576 Keywords pause - Pause function executed
[INFO] 2015-10-16 00:10:58,861 Keywords click - CLicking on the object specified
[INFO] 2015-10-16 00:10:59,239 Keywords setText - CLicking on the object specified
[INFO] 2015-10-16 00:10:59,799 Keywords click - CLicking on the object specified
[INFO] 2015-10-16 00:11:00,169 Keywords pause - Pause function executed
[INFO] 2015-10-16 00:11:03,728 Keywords click - CLicking on the object specified
[ERROR] 2015-10-16 00:11:04,755 Keywords isTextPresent - An error orrcured: no such element
  (Session info: chrome=45.0.2454.101)
  (Driver info: chromedriver=2.9.248315,platform=Windows NT 6.1 SP1 x86_64) (WARNING: The server did not provide any stacktrace information)
Command duration or timeout: 47 milliseconds
For documentation on this error, please visit: http://seleniumhq.org/exceptions/no_such_element.html
Build info: version: '2.48.2', revision: '41bccdd', time: '2015-10-09 19:55:52'
System info: host: 'Surojit', ip: '192.168.1.3', os.name: 'Windows 7', os.arch: 'amd64', os.version: '6.1', java.version: '1.8.0_60'
Driver info: org.openqa.selenium.chrome.ChromeDriver
Capabilities [{applicationCacheEnabled=false, rotatable=false, chrome={userDataDir=C:\Users\SUROJI~1\AppData\Local\Temp\scoped_dir24788_32555}, takesHeapSnapshot=true, databaseEnabled=false, handlesAlerts=true, version=45.0.2454.101, platform=XP, browserConnectionEnabled=false, nativeEvents=true, acceptSslCerts=true, locationContextEnabled=true, webStorageEnabled=true, browserName=chrome, takesScreenshot=true, javascriptEnabled=true, cssSelectorsEnabled=true}]
Session ID: cae8dbf4203b96b7b118114dc361e6ea
*** Element info: {Using=xpath, value=//*[@id="sign_in_form"]/h1}
[INFO] 2015-10-16 00:11:04,854 Keywords quitBrowser - Closing the browser
[INFO] 2015-10-16 00:14:32,780 com.htaf.utility.MasterDriver readYesModules - Reading all the modules which have run mode Yes.
[INFO] 2015-10-16 00:14:34,266 com.htaf.utility.MasterDriver readYesTestCases - Create New Status Update
[INFO] 2015-10-16 00:14:34,380 Keywords openBrowser - Opening Chrome Browser
[INFO] 2015-10-16 00:14:41,479 Keywords navigate - Navigating to URL
[INFO] 2015-10-16 00:14:49,841 Keywords setText - CLicking on the object specified
[INFO] 2015-10-16 00:14:50,519 Keywords setText - CLicking on the object specified
[INFO] 2015-10-16 00:14:50,875 Keywords click - CLicking on the object specified
[INFO] 2015-10-16 00:14:51,194 Keywords pause - Pause function executed
[INFO] 2015-10-16 00:15:01,296 Keywords click - CLicking on the object specified
[INFO] 2015-10-16 00:15:01,574 Keywords pause - Pause function executed
[INFO] 2015-10-16 00:15:04,697 Keywords click - CLicking on the object specified
[INFO] 2015-10-16 00:15:05,171 Keywords setText - CLicking on the object specified
[INFO] 2015-10-16 00:15:05,924 Keywords click - CLicking on the object specified
[INFO] 2015-10-16 00:15:06,101 Keywords pause - Pause function executed
[INFO] 2015-10-16 00:15:09,362 Keywords click - CLicking on the object specified
[INFO] 2015-10-16 00:15:09,513 Keywords pause - Pause function executed
[INFO] 2015-10-16 00:15:12,746 Keywords quitBrowser - Closing the browser
[INFO] 2015-10-16 00:32:42,551 com.htaf.utility.MasterDriver readYesModules - Reading all the modules which have run mode Yes.
[INFO] 2015-10-16 00:32:44,111 com.htaf.utility.MasterDriver readYesTestCases - Create New Status Update
[INFO] 2015-10-16 00:32:44,216 Keywords openBrowser - Opening Chrome Browser
[INFO] 2015-10-16 00:32:50,519 Keywords navigate - Navigating to URL
[INFO] 2015-10-16 00:32:59,334 Keywords setText - CLicking on the object specified
[INFO] 2015-10-16 00:32:59,957 Keywords setText - CLicking on the object specified
[INFO] 2015-10-16 00:33:00,466 Keywords click - CLicking on the object specified
[INFO] 2015-10-16 00:33:00,976 Keywords pause - Pause function executed
[INFO] 2015-10-16 00:33:11,146 Keywords click - CLicking on the object specified
[INFO] 2015-10-16 00:33:12,076 Keywords pause - Pause function executed
[INFO] 2015-10-16 00:33:15,372 Keywords click - CLicking on the object specified
[INFO] 2015-10-16 00:33:15,775 Keywords setText - CLicking on the object specified
[INFO] 2015-10-16 00:33:16,803 Keywords click - CLicking on the object specified
[INFO] 2015-10-16 00:33:17,199 Keywords pause - Pause function executed
[INFO] 2015-10-16 00:33:20,650 Keywords click - CLicking on the object specified
[INFO] 2015-10-16 00:33:20,999 Keywords pause - Pause function executed
[INFO] 2015-10-16 00:33:24,600 Keywords quitBrowser - Closing the browser
[INFO] 2015-10-16 00:33:27,261 com.htaf.utility.MasterDriver readYesTestCases - Create New Ask for Help
[INFO] 2015-10-16 00:33:27,283 Keywords openBrowser - Opening Chrome Browser
[INFO] 2015-10-16 00:33:32,362 Keywords navigate - Navigating to URL
[INFO] 2015-10-16 00:33:40,579 Keywords setText - CLicking on the object specified
[INFO] 2015-10-16 00:33:41,058 Keywords setText - CLicking on the object specified
[INFO] 2015-10-16 00:33:41,483 Keywords click - CLicking on the object specified
[INFO] 2015-10-16 00:33:42,093 Keywords pause - Pause function executed
[INFO] 2015-10-16 00:33:52,296 Keywords click - CLicking on the object specified
[INFO] 2015-10-16 00:33:52,795 Keywords pause - Pause function executed
[INFO] 2015-10-16 00:33:55,976 Keywords pause - Pause function executed
[INFO] 2015-10-16 00:33:59,103 Keywords setText - CLicking on the object specified
[ERROR] 2015-10-16 00:33:59,903 Keywords setText - An Error Occurred: no such element
  (Session info: chrome=45.0.2454.101)
  (Driver info: chromedriver=2.9.248315,platform=Windows NT 6.1 SP1 x86_64) (WARNING: The server did not provide any stacktrace information)
Command duration or timeout: 58 milliseconds
For documentation on this error, please visit: http://seleniumhq.org/exceptions/no_such_element.html
Build info: version: '2.48.2', revision: '41bccdd', time: '2015-10-09 19:55:52'
System info: host: 'Surojit', ip: '192.168.1.3', os.name: 'Windows 7', os.arch: 'amd64', os.version: '6.1', java.version: '1.8.0_60'
Driver info: org.openqa.selenium.chrome.ChromeDriver
Capabilities [{applicationCacheEnabled=false, rotatable=false, chrome={userDataDir=C:\Users\SUROJI~1\AppData\Local\Temp\scoped_dir22836_26685}, takesHeapSnapshot=true, databaseEnabled=false, handlesAlerts=true, version=45.0.2454.101, platform=XP, browserConnectionEnabled=false, nativeEvents=true, acceptSslCerts=true, locationContextEnabled=true, webStorageEnabled=true, browserName=chrome, takesScreenshot=true, javascriptEnabled=true, cssSelectorsEnabled=true}]
Session ID: f8eb5b78623c1fa25960e3042f152f5f
*** Element info: {Using=xpath, value=//*[@id="postQuestion"]/div[2]/div[1]/div[1]/div[1]/textarea}
[INFO] 2015-10-16 00:34:00,051 Keywords click - CLicking on the object specified
[ERROR] 2015-10-16 00:34:00,511 Keywords click - An Error Occurred: no such element
  (Session info: chrome=45.0.2454.101)
  (Driver info: chromedriver=2.9.248315,platform=Windows NT 6.1 SP1 x86_64) (WARNING: The server did not provide any stacktrace information)
Command duration or timeout: 107 milliseconds
For documentation on this error, please visit: http://seleniumhq.org/exceptions/no_such_element.html
Build info: version: '2.48.2', revision: '41bccdd', time: '2015-10-09 19:55:52'
System info: host: 'Surojit', ip: '192.168.1.3', os.name: 'Windows 7', os.arch: 'amd64', os.version: '6.1', java.version: '1.8.0_60'
Driver info: org.openqa.selenium.chrome.ChromeDriver
Capabilities [{applicationCacheEnabled=false, rotatable=false, chrome={userDataDir=C:\Users\SUROJI~1\AppData\Local\Temp\scoped_dir22836_26685}, takesHeapSnapshot=true, databaseEnabled=false, handlesAlerts=true, version=45.0.2454.101, platform=XP, browserConnectionEnabled=false, nativeEvents=true, acceptSslCerts=true, locationContextEnabled=true, webStorageEnabled=true, browserName=chrome, takesScreenshot=true, javascriptEnabled=true, cssSelectorsEnabled=true}]
Session ID: f8eb5b78623c1fa25960e3042f152f5f
*** Element info: {Using=xpath, value=//button[text()='POST' and @class='post-status primary-btn']}
[INFO] 2015-10-16 00:34:00,611 Keywords pause - Pause function executed
[INFO] 2015-10-16 00:34:04,091 Keywords click - CLicking on the object specified
[ERROR] 2015-10-16 00:34:04,586 Keywords click - An Error Occurred: unknown error: Element is not clickable at point (150, 59). Other element would receive the click: <div class="ui-widget-overlay ui-front"></div>
  (Session info: chrome=45.0.2454.101)
  (Driver info: chromedriver=2.9.248315,platform=Windows NT 6.1 SP1 x86_64) (WARNING: The server did not provide any stacktrace information)
Command duration or timeout: 80 milliseconds
Build info: version: '2.48.2', revision: '41bccdd', time: '2015-10-09 19:55:52'
System info: host: 'Surojit', ip: '192.168.1.3', os.name: 'Windows 7', os.arch: 'amd64', os.version: '6.1', java.version: '1.8.0_60'
Driver info: org.openqa.selenium.chrome.ChromeDriver
Capabilities [{applicationCacheEnabled=false, rotatable=false, chrome={userDataDir=C:\Users\SUROJI~1\AppData\Local\Temp\scoped_dir22836_26685}, takesHeapSnapshot=true, databaseEnabled=false, handlesAlerts=true, version=45.0.2454.101, platform=XP, browserConnectionEnabled=false, nativeEvents=true, acceptSslCerts=true, locationContextEnabled=true, webStorageEnabled=true, browserName=chrome, takesScreenshot=true, javascriptEnabled=true, cssSelectorsEnabled=true}]
Session ID: f8eb5b78623c1fa25960e3042f152f5f
[INFO] 2015-10-16 00:34:04,724 Keywords pause - Pause function executed
[ERROR] 2015-10-16 00:34:08,472 Keywords isTextPresent - An error orrcured: no such element
  (Session info: chrome=45.0.2454.101)
  (Driver info: chromedriver=2.9.248315,platform=Windows NT 6.1 SP1 x86_64) (WARNING: The server did not provide any stacktrace information)
Command duration or timeout: 136 milliseconds
For documentation on this error, please visit: http://seleniumhq.org/exceptions/no_such_element.html
Build info: version: '2.48.2', revision: '41bccdd', time: '2015-10-09 19:55:52'
System info: host: 'Surojit', ip: '192.168.1.3', os.name: 'Windows 7', os.arch: 'amd64', os.version: '6.1', java.version: '1.8.0_60'
Driver info: org.openqa.selenium.chrome.ChromeDriver
Capabilities [{applicationCacheEnabled=false, rotatable=false, chrome={userDataDir=C:\Users\SUROJI~1\AppData\Local\Temp\scoped_dir22836_26685}, takesHeapSnapshot=true, databaseEnabled=false, handlesAlerts=true, version=45.0.2454.101, platform=XP, browserConnectionEnabled=false, nativeEvents=true, acceptSslCerts=true, locationContextEnabled=true, webStorageEnabled=true, browserName=chrome, takesScreenshot=true, javascriptEnabled=true, cssSelectorsEnabled=true}]
Session ID: f8eb5b78623c1fa25960e3042f152f5f
*** Element info: {Using=xpath, value=//*[@id="sign_in_form"]/h1}
[INFO] 2015-10-16 00:36:14,896 com.htaf.utility.MasterDriver readYesModules - Reading all the modules which have run mode Yes.
[INFO] 2015-10-16 00:36:16,921 com.htaf.utility.MasterDriver readYesTestCases - Create New Ask for Help
[INFO] 2015-10-16 00:36:17,079 Keywords openBrowser - Opening Chrome Browser
[INFO] 2015-10-16 00:36:24,378 Keywords navigate - Navigating to URL
[INFO] 2015-10-16 00:36:32,781 Keywords setText - CLicking on the object specified
[INFO] 2015-10-16 00:36:33,442 Keywords setText - CLicking on the object specified
[INFO] 2015-10-16 00:36:33,891 Keywords click - CLicking on the object specified
[INFO] 2015-10-16 00:36:34,123 Keywords pause - Pause function executed
[INFO] 2015-10-16 00:36:44,230 Keywords click - CLicking on the object specified
[INFO] 2015-10-16 00:36:44,501 Keywords pause - Pause function executed
[INFO] 2015-10-16 00:36:47,634 Keywords click - CLicking on the object specified
[INFO] 2015-10-16 00:36:47,935 Keywords pause - Pause function executed
[INFO] 2015-10-16 00:36:51,051 Keywords setText - CLicking on the object specified
[INFO] 2015-10-16 00:36:51,703 Keywords click - CLicking on the object specified
[ERROR] 2015-10-16 00:36:52,365 Keywords click - An Error Occurred: no such element
  (Session info: chrome=45.0.2454.101)
  (Driver info: chromedriver=2.9.248315,platform=Windows NT 6.1 SP1 x86_64) (WARNING: The server did not provide any stacktrace information)
Command duration or timeout: 63 milliseconds
For documentation on this error, please visit: http://seleniumhq.org/exceptions/no_such_element.html
Build info: version: '2.48.2', revision: '41bccdd', time: '2015-10-09 19:55:52'
System info: host: 'Surojit', ip: '192.168.1.3', os.name: 'Windows 7', os.arch: 'amd64', os.version: '6.1', java.version: '1.8.0_60'
Driver info: org.openqa.selenium.chrome.ChromeDriver
Capabilities [{applicationCacheEnabled=false, rotatable=false, chrome={userDataDir=C:\Users\SUROJI~1\AppData\Local\Temp\scoped_dir24364_27047}, takesHeapSnapshot=true, databaseEnabled=false, handlesAlerts=true, version=45.0.2454.101, platform=XP, browserConnectionEnabled=false, nativeEvents=true, acceptSslCerts=true, locationContextEnabled=true, webStorageEnabled=true, browserName=chrome, takesScreenshot=true, javascriptEnabled=true, cssSelectorsEnabled=true}]
Session ID: da289f79f2d9e41ff6db58416951e8ae
*** Element info: {Using=xpath, value=//button[text()='POST' and @class='post-status primary-btn']}
[INFO] 2015-10-16 00:36:52,464 Keywords pause - Pause function executed
[INFO] 2015-10-16 00:36:55,876 Keywords click - CLicking on the object specified
[ERROR] 2015-10-16 00:36:56,344 Keywords click - An Error Occurred: unknown error: Element is not clickable at point (150, 59). Other element would receive the click: <div class="ui-widget-overlay ui-front"></div>
  (Session info: chrome=45.0.2454.101)
  (Driver info: chromedriver=2.9.248315,platform=Windows NT 6.1 SP1 x86_64) (WARNING: The server did not provide any stacktrace information)
Command duration or timeout: 83 milliseconds
Build info: version: '2.48.2', revision: '41bccdd', time: '2015-10-09 19:55:52'
System info: host: 'Surojit', ip: '192.168.1.3', os.name: 'Windows 7', os.arch: 'amd64', os.version: '6.1', java.version: '1.8.0_60'
Driver info: org.openqa.selenium.chrome.ChromeDriver
Capabilities [{applicationCacheEnabled=false, rotatable=false, chrome={userDataDir=C:\Users\SUROJI~1\AppData\Local\Temp\scoped_dir24364_27047}, takesHeapSnapshot=true, databaseEnabled=false, handlesAlerts=true, version=45.0.2454.101, platform=XP, browserConnectionEnabled=false, nativeEvents=true, acceptSslCerts=true, locationContextEnabled=true, webStorageEnabled=true, browserName=chrome, takesScreenshot=true, javascriptEnabled=true, cssSelectorsEnabled=true}]
Session ID: da289f79f2d9e41ff6db58416951e8ae
[INFO] 2015-10-16 00:36:56,477 Keywords pause - Pause function executed
[ERROR] 2015-10-16 00:37:00,179 Keywords isTextPresent - An error orrcured: no such element
  (Session info: chrome=45.0.2454.101)
  (Driver info: chromedriver=2.9.248315,platform=Windows NT 6.1 SP1 x86_64) (WARNING: The server did not provide any stacktrace information)
Command duration or timeout: 49 milliseconds
For documentation on this error, please visit: http://seleniumhq.org/exceptions/no_such_element.html
Build info: version: '2.48.2', revision: '41bccdd', time: '2015-10-09 19:55:52'
System info: host: 'Surojit', ip: '192.168.1.3', os.name: 'Windows 7', os.arch: 'amd64', os.version: '6.1', java.version: '1.8.0_60'
Driver info: org.openqa.selenium.chrome.ChromeDriver
Capabilities [{applicationCacheEnabled=false, rotatable=false, chrome={userDataDir=C:\Users\SUROJI~1\AppData\Local\Temp\scoped_dir24364_27047}, takesHeapSnapshot=true, databaseEnabled=false, handlesAlerts=true, version=45.0.2454.101, platform=XP, browserConnectionEnabled=false, nativeEvents=true, acceptSslCerts=true, locationContextEnabled=true, webStorageEnabled=true, browserName=chrome, takesScreenshot=true, javascriptEnabled=true, cssSelectorsEnabled=true}]
Session ID: da289f79f2d9e41ff6db58416951e8ae
*** Element info: {Using=xpath, value=//*[@id="sign_in_form"]/h1}
[INFO] 2015-10-16 00:40:31,042 com.htaf.utility.MasterDriver readYesModules - Reading all the modules which have run mode Yes.
[INFO] 2015-10-16 00:40:32,709 com.htaf.utility.MasterDriver readYesTestCases - Create New Ask for Help
[INFO] 2015-10-16 00:40:32,805 Keywords openBrowser - Opening Chrome Browser
[INFO] 2015-10-16 00:40:41,433 Keywords navigate - Navigating to URL
[INFO] 2015-10-16 00:40:49,221 Keywords setText - CLicking on the object specified
[INFO] 2015-10-16 00:40:49,668 Keywords setText - CLicking on the object specified
[INFO] 2015-10-16 00:40:50,107 Keywords click - CLicking on the object specified
[INFO] 2015-10-16 00:40:50,822 Keywords pause - Pause function executed
[INFO] 2015-10-16 00:41:01,434 Keywords click - CLicking on the object specified
[INFO] 2015-10-16 00:41:01,934 Keywords pause - Pause function executed
[INFO] 2015-10-16 00:41:05,080 Keywords click - CLicking on the object specified
[INFO] 2015-10-16 00:41:05,441 Keywords pause - Pause function executed
[INFO] 2015-10-16 00:41:08,572 Keywords setText - CLicking on the object specified
[INFO] 2015-10-16 00:41:09,982 Keywords click - CLicking on the object specified
[ERROR] 2015-10-16 00:41:10,598 Keywords click - An Error Occurred: invalid selector: Unable to locate an element with the xpath expression //button[text()='POST' and @class=ask-help-post primary-btn'] because of the following error:
SyntaxError: Failed to execute 'evaluate' on 'Document': The string '//button[text()='POST' and @class=ask-help-post primary-btn']' is not a valid XPath expression.
  (Session info: chrome=45.0.2454.101)
  (Driver info: chromedriver=2.9.248315,platform=Windows NT 6.1 SP1 x86_64) (WARNING: The server did not provide any stacktrace information)
Command duration or timeout: 53 milliseconds
For documentation on this error, please visit: http://seleniumhq.org/exceptions/invalid_selector_exception.html
Build info: version: '2.48.2', revision: '41bccdd', time: '2015-10-09 19:55:52'
System info: host: 'Surojit', ip: '192.168.1.3', os.name: 'Windows 7', os.arch: 'amd64', os.version: '6.1', java.version: '1.8.0_60'
Driver info: org.openqa.selenium.chrome.ChromeDriver
Capabilities [{applicationCacheEnabled=false, rotatable=false, chrome={userDataDir=C:\Users\SUROJI~1\AppData\Local\Temp\scoped_dir22936_1653}, takesHeapSnapshot=true, databaseEnabled=false, handlesAlerts=true, version=45.0.2454.101, platform=XP, browserConnectionEnabled=false, nativeEvents=true, acceptSslCerts=true, locationContextEnabled=true, webStorageEnabled=true, browserName=chrome, takesScreenshot=true, javascriptEnabled=true, cssSelectorsEnabled=true}]
Session ID: 9b2a9d0253faacbe5049d80d7ec7e17f
*** Element info: {Using=xpath, value=//button[text()='POST' and @class=ask-help-post primary-btn']}
[INFO] 2015-10-16 00:41:10,788 Keywords pause - Pause function executed
[INFO] 2015-10-16 00:41:14,196 Keywords click - CLicking on the object specified
[ERROR] 2015-10-16 00:41:14,873 Keywords click - An Error Occurred: unknown error: Element is not clickable at point (150, 59). Other element would receive the click: <div class="ui-widget-overlay ui-front"></div>
  (Session info: chrome=45.0.2454.101)
  (Driver info: chromedriver=2.9.248315,platform=Windows NT 6.1 SP1 x86_64) (WARNING: The server did not provide any stacktrace information)
Command duration or timeout: 224 milliseconds
Build info: version: '2.48.2', revision: '41bccdd', time: '2015-10-09 19:55:52'
System info: host: 'Surojit', ip: '192.168.1.3', os.name: 'Windows 7', os.arch: 'amd64', os.version: '6.1', java.version: '1.8.0_60'
Driver info: org.openqa.selenium.chrome.ChromeDriver
Capabilities [{applicationCacheEnabled=false, rotatable=false, chrome={userDataDir=C:\Users\SUROJI~1\AppData\Local\Temp\scoped_dir22936_1653}, takesHeapSnapshot=true, databaseEnabled=false, handlesAlerts=true, version=45.0.2454.101, platform=XP, browserConnectionEnabled=false, nativeEvents=true, acceptSslCerts=true, locationContextEnabled=true, webStorageEnabled=true, browserName=chrome, takesScreenshot=true, javascriptEnabled=true, cssSelectorsEnabled=true}]
Session ID: 9b2a9d0253faacbe5049d80d7ec7e17f
[INFO] 2015-10-16 00:41:15,007 Keywords pause - Pause function executed
[ERROR] 2015-10-16 00:41:18,555 Keywords isTextPresent - An error orrcured: no such element
  (Session info: chrome=45.0.2454.101)
  (Driver info: chromedriver=2.9.248315,platform=Windows NT 6.1 SP1 x86_64) (WARNING: The server did not provide any stacktrace information)
Command duration or timeout: 57 milliseconds
For documentation on this error, please visit: http://seleniumhq.org/exceptions/no_such_element.html
Build info: version: '2.48.2', revision: '41bccdd', time: '2015-10-09 19:55:52'
System info: host: 'Surojit', ip: '192.168.1.3', os.name: 'Windows 7', os.arch: 'amd64', os.version: '6.1', java.version: '1.8.0_60'
Driver info: org.openqa.selenium.chrome.ChromeDriver
Capabilities [{applicationCacheEnabled=false, rotatable=false, chrome={userDataDir=C:\Users\SUROJI~1\AppData\Local\Temp\scoped_dir22936_1653}, takesHeapSnapshot=true, databaseEnabled=false, handlesAlerts=true, version=45.0.2454.101, platform=XP, browserConnectionEnabled=false, nativeEvents=true, acceptSslCerts=true, locationContextEnabled=true, webStorageEnabled=true, browserName=chrome, takesScreenshot=true, javascriptEnabled=true, cssSelectorsEnabled=true}]
Session ID: 9b2a9d0253faacbe5049d80d7ec7e17f
*** Element info: {Using=xpath, value=//*[@id="sign_in_form"]/h1}
[INFO] 2015-10-16 00:42:09,342 com.htaf.utility.MasterDriver readYesModules - Reading all the modules which have run mode Yes.
[INFO] 2015-10-16 00:42:11,094 com.htaf.utility.MasterDriver readYesTestCases - Create New Ask for Help
[INFO] 2015-10-16 00:42:11,192 Keywords openBrowser - Opening Chrome Browser
[INFO] 2015-10-16 00:42:18,013 Keywords navigate - Navigating to URL
[INFO] 2015-10-16 00:42:24,925 Keywords setText - CLicking on the object specified
[INFO] 2015-10-16 00:42:25,773 Keywords setText - CLicking on the object specified
[INFO] 2015-10-16 00:42:26,495 Keywords click - CLicking on the object specified
[INFO] 2015-10-16 00:42:26,932 Keywords pause - Pause function executed
[INFO] 2015-10-16 00:42:37,137 Keywords click - CLicking on the object specified
[INFO] 2015-10-16 00:42:37,914 Keywords pause - Pause function executed
[INFO] 2015-10-16 00:42:41,206 Keywords click - CLicking on the object specified
[INFO] 2015-10-16 00:42:41,838 Keywords pause - Pause function executed
[INFO] 2015-10-16 00:42:45,026 Keywords setText - CLicking on the object specified
[INFO] 2015-10-16 00:42:45,896 Keywords click - CLicking on the object specified
[INFO] 2015-10-16 00:42:46,154 Keywords pause - Pause function executed
[INFO] 2015-10-16 00:42:50,043 Keywords click - CLicking on the object specified
[INFO] 2015-10-16 00:42:50,712 Keywords pause - Pause function executed
[INFO] 2015-10-16 00:43:53,201 com.htaf.utility.MasterDriver readYesModules - Reading all the modules which have run mode Yes.
[INFO] 2015-10-16 00:43:56,532 com.htaf.utility.MasterDriver readYesTestCases - Create New Ask for Help
[INFO] 2015-10-16 00:43:56,731 Keywords openBrowser - Opening Chrome Browser
[INFO] 2015-10-16 00:44:03,799 Keywords navigate - Navigating to URL
[INFO] 2015-10-16 00:44:10,649 Keywords setText - CLicking on the object specified
[INFO] 2015-10-16 00:44:11,197 Keywords setText - CLicking on the object specified
[INFO] 2015-10-16 00:44:11,534 Keywords click - CLicking on the object specified
[INFO] 2015-10-16 00:44:11,830 Keywords pause - Pause function executed
[INFO] 2015-10-16 00:44:15,139 Keywords click - CLicking on the object specified
[ERROR] 2015-10-16 00:44:17,080 Keywords click - The click element is not found or the object type is incorrect
[INFO] 2015-10-16 00:44:17,258 Keywords pause - Pause function executed
[INFO] 2015-10-16 00:44:20,528 Keywords click - CLicking on the object specified
[ERROR] 2015-10-16 00:44:21,094 Keywords click - An Error Occurred: no such element
  (Session info: chrome=45.0.2454.101)
  (Driver info: chromedriver=2.9.248315,platform=Windows NT 6.1 SP1 x86_64) (WARNING: The server did not provide any stacktrace information)
Command duration or timeout: 136 milliseconds
For documentation on this error, please visit: http://seleniumhq.org/exceptions/no_such_element.html
Build info: version: '2.48.2', revision: '41bccdd', time: '2015-10-09 19:55:52'
System info: host: 'Surojit', ip: '192.168.1.3', os.name: 'Windows 7', os.arch: 'amd64', os.version: '6.1', java.version: '1.8.0_60'
Driver info: org.openqa.selenium.chrome.ChromeDriver
Capabilities [{applicationCacheEnabled=false, rotatable=false, chrome={userDataDir=C:\Users\SUROJI~1\AppData\Local\Temp\scoped_dir24996_26346}, takesHeapSnapshot=true, databaseEnabled=false, handlesAlerts=true, version=45.0.2454.101, platform=XP, browserConnectionEnabled=false, nativeEvents=true, acceptSslCerts=true, locationContextEnabled=true, webStorageEnabled=true, browserName=chrome, takesScreenshot=true, javascriptEnabled=true, cssSelectorsEnabled=true}]
Session ID: 03933fd8ff2e93844df86298bee7ce5c
*** Element info: {Using=xpath, value=//*[@id="post-aq"]/a/i}
[INFO] 2015-10-16 00:44:21,258 Keywords pause - Pause function executed
[INFO] 2015-10-16 00:44:24,399 Keywords setText - CLicking on the object specified
[ERROR] 2015-10-16 00:44:24,878 Keywords setText - An Error Occurred: no such element
  (Session info: chrome=45.0.2454.101)
  (Driver info: chromedriver=2.9.248315,platform=Windows NT 6.1 SP1 x86_64) (WARNING: The server did not provide any stacktrace information)
Command duration or timeout: 102 milliseconds
For documentation on this error, please visit: http://seleniumhq.org/exceptions/no_such_element.html
Build info: version: '2.48.2', revision: '41bccdd', time: '2015-10-09 19:55:52'
System info: host: 'Surojit', ip: '192.168.1.3', os.name: 'Windows 7', os.arch: 'amd64', os.version: '6.1', java.version: '1.8.0_60'
Driver info: org.openqa.selenium.chrome.ChromeDriver
Capabilities [{applicationCacheEnabled=false, rotatable=false, chrome={userDataDir=C:\Users\SUROJI~1\AppData\Local\Temp\scoped_dir24996_26346}, takesHeapSnapshot=true, databaseEnabled=false, handlesAlerts=true, version=45.0.2454.101, platform=XP, browserConnectionEnabled=false, nativeEvents=true, acceptSslCerts=true, locationContextEnabled=true, webStorageEnabled=true, browserName=chrome, takesScreenshot=true, javascriptEnabled=true, cssSelectorsEnabled=true}]
Session ID: 03933fd8ff2e93844df86298bee7ce5c
*** Element info: {Using=xpath, value=//*[@id="postQuestion"]/div[2]/div[1]/div[1]/div[1]/textarea}
[INFO] 2015-10-16 00:44:25,119 Keywords click - CLicking on the object specified
[ERROR] 2015-10-16 00:44:25,608 Keywords click - An Error Occurred: no such element
  (Session info: chrome=45.0.2454.101)
  (Driver info: chromedriver=2.9.248315,platform=Windows NT 6.1 SP1 x86_64) (WARNING: The server did not provide any stacktrace information)
Command duration or timeout: 55 milliseconds
For documentation on this error, please visit: http://seleniumhq.org/exceptions/no_such_element.html
Build info: version: '2.48.2', revision: '41bccdd', time: '2015-10-09 19:55:52'
System info: host: 'Surojit', ip: '192.168.1.3', os.name: 'Windows 7', os.arch: 'amd64', os.version: '6.1', java.version: '1.8.0_60'
Driver info: org.openqa.selenium.chrome.ChromeDriver
Capabilities [{applicationCacheEnabled=false, rotatable=false, chrome={userDataDir=C:\Users\SUROJI~1\AppData\Local\Temp\scoped_dir24996_26346}, takesHeapSnapshot=true, databaseEnabled=false, handlesAlerts=true, version=45.0.2454.101, platform=XP, browserConnectionEnabled=false, nativeEvents=true, acceptSslCerts=true, locationContextEnabled=true, webStorageEnabled=true, browserName=chrome, takesScreenshot=true, javascriptEnabled=true, cssSelectorsEnabled=true}]
Session ID: 03933fd8ff2e93844df86298bee7ce5c
*** Element info: {Using=xpath, value=//button[text()='POST' and @class='ask-help-post primary-btn']}
[INFO] 2015-10-16 00:44:25,773 Keywords pause - Pause function executed
[INFO] 2015-10-16 00:44:29,324 Keywords click - CLicking on the object specified
[INFO] 2015-10-16 00:44:29,605 Keywords pause - Pause function executed
[INFO] 2015-10-16 01:22:13,737 com.htaf.utility.MasterDriver readYesModules - Reading all the modules which have run mode Yes.
[INFO] 2015-10-16 01:22:15,313 com.htaf.utility.MasterDriver readYesTestCases - Create New Share an Idea
[INFO] 2015-10-16 01:22:15,523 Keywords openBrowser - Opening Chrome Browser
[INFO] 2015-10-16 01:22:22,397 Keywords navigate - Navigating to URL
[INFO] 2015-10-16 01:22:33,069 Keywords setText - CLicking on the object specified
[INFO] 2015-10-16 01:22:33,747 Keywords setText - CLicking on the object specified
[INFO] 2015-10-16 01:22:34,331 Keywords click - CLicking on the object specified
[INFO] 2015-10-16 01:22:34,831 Keywords pause - Pause function executed
[INFO] 2015-10-16 01:22:38,181 Keywords click - CLicking on the object specified
[ERROR] 2015-10-16 01:22:40,529 Keywords click - The click element is not found or the object type is incorrect
[INFO] 2015-10-16 01:22:40,700 Keywords pause - Pause function executed
[INFO] 2015-10-16 01:22:43,851 Keywords click - CLicking on the object specified
[ERROR] 2015-10-16 01:22:44,299 Keywords click - An Error Occurred: no such element
  (Session info: chrome=45.0.2454.101)
  (Driver info: chromedriver=2.9.248315,platform=Windows NT 6.1 SP1 x86_64) (WARNING: The server did not provide any stacktrace information)
Command duration or timeout: 44 milliseconds
For documentation on this error, please visit: http://seleniumhq.org/exceptions/no_such_element.html
Build info: version: '2.48.2', revision: '41bccdd', time: '2015-10-09 19:55:52'
System info: host: 'Surojit', ip: '192.168.1.3', os.name: 'Windows 7', os.arch: 'amd64', os.version: '6.1', java.version: '1.8.0_60'
Driver info: org.openqa.selenium.chrome.ChromeDriver
Capabilities [{applicationCacheEnabled=false, rotatable=false, chrome={userDataDir=C:\Users\SUROJI~1\AppData\Local\Temp\scoped_dir20592_6099}, takesHeapSnapshot=true, databaseEnabled=false, handlesAlerts=true, version=45.0.2454.101, platform=XP, browserConnectionEnabled=false, nativeEvents=true, acceptSslCerts=true, locationContextEnabled=true, webStorageEnabled=true, browserName=chrome, takesScreenshot=true, javascriptEnabled=true, cssSelectorsEnabled=true}]
Session ID: cadfa7e61f997722b0e3e16e19cdc108
*** Element info: {Using=xpath, value=//*[@id="post-si"]/a/i}
[INFO] 2015-10-16 01:22:44,461 Keywords pause - Pause function executed
[INFO] 2015-10-16 01:22:47,554 Keywords setText - CLicking on the object specified
[ERROR] 2015-10-16 01:22:48,222 Keywords setText - An Error Occurred: no such element
  (Session info: chrome=45.0.2454.101)
  (Driver info: chromedriver=2.9.248315,platform=Windows NT 6.1 SP1 x86_64) (WARNING: The server did not provide any stacktrace information)
Command duration or timeout: 464 milliseconds
For documentation on this error, please visit: http://seleniumhq.org/exceptions/no_such_element.html
Build info: version: '2.48.2', revision: '41bccdd', time: '2015-10-09 19:55:52'
System info: host: 'Surojit', ip: '192.168.1.3', os.name: 'Windows 7', os.arch: 'amd64', os.version: '6.1', java.version: '1.8.0_60'
Driver info: org.openqa.selenium.chrome.ChromeDriver
Capabilities [{applicationCacheEnabled=false, rotatable=false, chrome={userDataDir=C:\Users\SUROJI~1\AppData\Local\Temp\scoped_dir20592_6099}, takesHeapSnapshot=true, databaseEnabled=false, handlesAlerts=true, version=45.0.2454.101, platform=XP, browserConnectionEnabled=false, nativeEvents=true, acceptSslCerts=true, locationContextEnabled=true, webStorageEnabled=true, browserName=chrome, takesScreenshot=true, javascriptEnabled=true, cssSelectorsEnabled=true}]
Session ID: cadfa7e61f997722b0e3e16e19cdc108
*** Element info: {Using=xpath, value=//*[@id="submitIdea"]/div[2]/div[1]/div[1]/div[1]/textarea}
[INFO] 2015-10-16 01:22:48,312 Keywords click - CLicking on the object specified
[ERROR] 2015-10-16 01:22:48,544 Keywords click - An Error Occurred: no such element
  (Session info: chrome=45.0.2454.101)
  (Driver info: chromedriver=2.9.248315,platform=Windows NT 6.1 SP1 x86_64) (WARNING: The server did not provide any stacktrace information)
Command duration or timeout: 20 milliseconds
For documentation on this error, please visit: http://seleniumhq.org/exceptions/no_such_element.html
Build info: version: '2.48.2', revision: '41bccdd', time: '2015-10-09 19:55:52'
System info: host: 'Surojit', ip: '192.168.1.3', os.name: 'Windows 7', os.arch: 'amd64', os.version: '6.1', java.version: '1.8.0_60'
Driver info: org.openqa.selenium.chrome.ChromeDriver
Capabilities [{applicationCacheEnabled=false, rotatable=false, chrome={userDataDir=C:\Users\SUROJI~1\AppData\Local\Temp\scoped_dir20592_6099}, takesHeapSnapshot=true, databaseEnabled=false, handlesAlerts=true, version=45.0.2454.101, platform=XP, browserConnectionEnabled=false, nativeEvents=true, acceptSslCerts=true, locationContextEnabled=true, webStorageEnabled=true, browserName=chrome, takesScreenshot=true, javascriptEnabled=true, cssSelectorsEnabled=true}]
Session ID: cadfa7e61f997722b0e3e16e19cdc108
*** Element info: {Using=xpath, value=//button[text()='POST' and @class='post-idea primary-btn']}
[INFO] 2015-10-16 01:22:48,659 Keywords pause - Pause function executed
[INFO] 2015-10-16 01:22:52,076 Keywords click - CLicking on the object specified
[INFO] 2015-10-16 01:22:52,518 Keywords pause - Pause function executed
[INFO] 2015-10-16 01:22:56,040 Keywords quitBrowser - Closing the browser
[INFO] 2015-10-16 01:22:59,253 com.htaf.utility.MasterDriver readYesTestCases - Create New Share Knowledge
[INFO] 2015-10-16 01:22:59,306 Keywords openBrowser - Opening Chrome Browser
[INFO] 2015-10-16 01:23:03,932 Keywords navigate - Navigating to URL
[INFO] 2015-10-16 01:23:10,136 Keywords setText - CLicking on the object specified
[INFO] 2015-10-16 01:24:02,662 com.htaf.utility.MasterDriver readYesModules - Reading all the modules which have run mode Yes.
[INFO] 2015-10-16 01:24:04,006 com.htaf.utility.MasterDriver readYesTestCases - Create New Share an Idea
[INFO] 2015-10-16 01:24:04,116 Keywords openBrowser - Opening Chrome Browser
[INFO] 2015-10-16 01:24:10,408 Keywords navigate - Navigating to URL
[INFO] 2015-10-16 01:24:23,234 Keywords setText - CLicking on the object specified
[INFO] 2015-10-16 01:24:24,293 Keywords setText - CLicking on the object specified
[INFO] 2015-10-16 01:24:25,324 Keywords click - CLicking on the object specified
[INFO] 2015-10-16 01:24:25,700 Keywords pause - Pause function executed
[INFO] 2015-10-16 01:24:36,091 Keywords click - CLicking on the object specified
[INFO] 2015-10-16 01:24:36,652 Keywords pause - Pause function executed
[INFO] 2015-10-16 01:24:39,832 Keywords click - CLicking on the object specified
[INFO] 2015-10-16 01:24:40,413 Keywords pause - Pause function executed
[INFO] 2015-10-16 01:24:43,647 Keywords setText - CLicking on the object specified
[INFO] 2015-10-16 01:24:45,073 Keywords click - CLicking on the object specified
[INFO] 2015-10-16 01:24:45,461 Keywords pause - Pause function executed
[INFO] 2015-10-16 01:24:48,808 Keywords click - CLicking on the object specified
[INFO] 2015-10-16 01:24:49,089 Keywords pause - Pause function executed
[INFO] 2015-10-16 01:24:52,434 Keywords quitBrowser - Closing the browser
[INFO] 2015-10-16 01:24:55,505 com.htaf.utility.MasterDriver readYesTestCases - Create New Share Knowledge
[INFO] 2015-10-16 01:24:55,557 Keywords openBrowser - Opening Chrome Browser
[INFO] 2015-10-16 01:25:00,573 Keywords navigate - Navigating to URL
[INFO] 2015-10-16 01:25:10,053 Keywords setText - CLicking on the object specified
[INFO] 2015-10-16 01:25:10,855 Keywords setText - CLicking on the object specified
[INFO] 2015-10-16 01:25:11,337 Keywords click - CLicking on the object specified
[INFO] 2015-10-16 01:25:11,587 Keywords pause - Pause function executed
[INFO] 2015-10-16 01:25:21,805 Keywords click - CLicking on the object specified
[INFO] 2015-10-16 01:25:22,179 Keywords pause - Pause function executed
[INFO] 2015-10-16 01:25:25,342 Keywords click - CLicking on the object specified
[INFO] 2015-10-16 01:25:25,709 Keywords pause - Pause function executed
[INFO] 2015-10-16 01:25:28,831 Keywords setText - CLicking on the object specified
[INFO] 2015-10-16 01:25:29,775 Keywords click - CLicking on the object specified
[INFO] 2015-10-16 01:25:30,112 Keywords pause - Pause function executed
[INFO] 2015-10-16 01:25:33,510 Keywords click - CLicking on the object specified
[INFO] 2015-10-16 01:25:33,794 Keywords pause - Pause function executed
[INFO] 2015-10-16 01:25:37,297 Keywords quitBrowser - Closing the browser
