[INFO] 2015-10-13 20:09:00,680 Keywords navigate - Navigating to URL
[INFO] 2015-10-13 20:09:01,609 Keywords pause - Pause function executed
[INFO] 2015-10-13 20:09:04,725 Keywords click - CLicking on the object specified
[ERROR] 2015-10-13 20:09:05,295 Keywords click - An Error Occurred: invalid selector: Unable to locate an element with the xpath expression  because of the following error:
SyntaxError: Failed to execute 'evaluate' on 'Document': The string '' is not a valid XPath expression.
  (Session info: chrome=45.0.2454.101)
  (Driver info: chromedriver=2.9.248315,platform=Windows NT 6.1 SP1 x86_64) (WARNING: The server did not provide any stacktrace information)
Command duration or timeout: 42 milliseconds
For documentation on this error, please visit: http://seleniumhq.org/exceptions/invalid_selector_exception.html
Build info: version: '2.48.1', revision: 'd80083d8f7b0b0319976ef9712f7a2b531abaceb', time: '2015-10-08 14:16:53'
System info: host: 'Surojit', ip: '192.168.1.150', os.name: 'Windows 7', os.arch: 'amd64', os.version: '6.1', java.version: '1.8.0_60'
Driver info: org.openqa.selenium.chrome.ChromeDriver
Capabilities [{applicationCacheEnabled=false, rotatable=false, chrome={userDataDir=C:\Users\SUROJI~1\AppData\Local\Temp\scoped_dir20120_29520}, takesHeapSnapshot=true, databaseEnabled=false, handlesAlerts=true, version=45.0.2454.101, platform=XP, browserConnectionEnabled=false, nativeEvents=true, acceptSslCerts=true, locationContextEnabled=true, webStorageEnabled=true, browserName=chrome, takesScreenshot=true, javascriptEnabled=true, cssSelectorsEnabled=true}]
Session ID: e23317c1d4e7f8585c065922f1d419f7
*** Element info: {Using=xpath, value=}
[INFO] 2015-10-13 20:09:05,395 Keywords pause - Pause function executed
[INFO] 2015-10-13 20:09:08,583 Keywords click - CLicking on the object specified
[ERROR] 2015-10-13 20:09:09,157 Keywords click - An Error Occurred: unknown error: Element is not clickable at point (267, 59). Other element would receive the click: <div class="ui-widget-overlay ui-front"></div>
  (Session info: chrome=45.0.2454.101)
  (Driver info: chromedriver=2.9.248315,platform=Windows NT 6.1 SP1 x86_64) (WARNING: The server did not provide any stacktrace information)
Command duration or timeout: 108 milliseconds
Build info: version: '2.48.1', revision: 'd80083d8f7b0b0319976ef9712f7a2b531abaceb', time: '2015-10-08 14:16:53'
System info: host: 'Surojit', ip: '192.168.1.150', os.name: 'Windows 7', os.arch: 'amd64', os.version: '6.1', java.version: '1.8.0_60'
Driver info: org.openqa.selenium.chrome.ChromeDriver
Capabilities [{applicationCacheEnabled=false, rotatable=false, chrome={userDataDir=C:\Users\SUROJI~1\AppData\Local\Temp\scoped_dir20120_29520}, takesHeapSnapshot=true, databaseEnabled=false, handlesAlerts=true, version=45.0.2454.101, platform=XP, browserConnectionEnabled=false, nativeEvents=true, acceptSslCerts=true, locationContextEnabled=true, webStorageEnabled=true, browserName=chrome, takesScreenshot=true, javascriptEnabled=true, cssSelectorsEnabled=true}]
Session ID: e23317c1d4e7f8585c065922f1d419f7
