[INFO] 2015-10-13 19:56:20,716 com.hybird.utility.ExcelDecissionMaker readYesModules - Reading all the modules which have run mode Yes.
[INFO] 2015-10-13 19:56:22,223 com.hybird.utility.ExcelDecissionMaker readYesTestCases - Authentication - Login
[INFO] 2015-10-13 19:56:22,389 Keywords openBrowser - Opening Chrome Browser
[INFO] 2015-10-13 19:56:28,057 Keywords navigate - Navigating to URL
[INFO] 2015-10-13 19:56:34,255 Keywords setText - CLicking on the object specified
[INFO] 2015-10-13 19:56:35,281 Keywords setText - CLicking on the object specified
[INFO] 2015-10-13 19:56:35,930 Keywords click - CLicking on the object specified
[INFO] 2015-10-13 19:56:36,507 Keywords pause - Pause function executed
[INFO] 2015-10-13 19:56:39,879 Keywords pause - Pause function executed
[INFO] 2015-10-13 19:56:43,122 Keywords click - CLicking on the object specified
[ERROR] 2015-10-13 19:56:43,972 Keywords click - An Error Occurred: no such element
  (Session info: chrome=45.0.2454.101)
  (Driver info: chromedriver=2.9.248315,platform=Windows NT 6.1 SP1 x86_64) (WARNING: The server did not provide any stacktrace information)
Command duration or timeout: 214 milliseconds
For documentation on this error, please visit: http://seleniumhq.org/exceptions/no_such_element.html
Build info: version: '2.48.1', revision: 'd80083d8f7b0b0319976ef9712f7a2b531abaceb', time: '2015-10-08 14:16:53'
System info: host: 'Surojit', ip: '192.168.1.150', os.name: 'Windows 7', os.arch: 'amd64', os.version: '6.1', java.version: '1.8.0_60'
Driver info: org.openqa.selenium.chrome.ChromeDriver
Capabilities [{applicationCacheEnabled=false, rotatable=false, chrome={userDataDir=C:\Users\SUROJI~1\AppData\Local\Temp\scoped_dir19960_5934}, takesHeapSnapshot=true, databaseEnabled=false, handlesAlerts=true, version=45.0.2454.101, platform=XP, browserConnectionEnabled=false, nativeEvents=true, acceptSslCerts=true, locationContextEnabled=true, webStorageEnabled=true, browserName=chrome, takesScreenshot=true, javascriptEnabled=true, cssSelectorsEnabled=true}]
Session ID: 48cb815369624d59984de9eb0244b2d2
*** Element info: {Using=xpath, value=//*[contains(@span,'"+POST+"')]}
[INFO] 2015-10-13 19:56:44,071 Keywords pause - Pause function executed
[INFO] 2015-10-13 19:56:47,227 Keywords click - CLicking on the object specified
[ERROR] 2015-10-13 19:56:47,962 Keywords click - An Error Occurred: invalid selector: Unable to locate an element with the xpath expression  because of the following error:
SyntaxError: Failed to execute 'evaluate' on 'Document': The string '' is not a valid XPath expression.
  (Session info: chrome=45.0.2454.101)
  (Driver info: chromedriver=2.9.248315,platform=Windows NT 6.1 SP1 x86_64) (WARNING: The server did not provide any stacktrace information)
Command duration or timeout: 67 milliseconds
For documentation on this error, please visit: http://seleniumhq.org/exceptions/invalid_selector_exception.html
Build info: version: '2.48.1', revision: 'd80083d8f7b0b0319976ef9712f7a2b531abaceb', time: '2015-10-08 14:16:53'
System info: host: 'Surojit', ip: '192.168.1.150', os.name: 'Windows 7', os.arch: 'amd64', os.version: '6.1', java.version: '1.8.0_60'
Driver info: org.openqa.selenium.chrome.ChromeDriver
Capabilities [{applicationCacheEnabled=false, rotatable=false, chrome={userDataDir=C:\Users\SUROJI~1\AppData\Local\Temp\scoped_dir19960_5934}, takesHeapSnapshot=true, databaseEnabled=false, handlesAlerts=true, version=45.0.2454.101, platform=XP, browserConnectionEnabled=false, nativeEvents=true, acceptSslCerts=true, locationContextEnabled=true, webStorageEnabled=true, browserName=chrome, takesScreenshot=true, javascriptEnabled=true, cssSelectorsEnabled=true}]
Session ID: 48cb815369624d59984de9eb0244b2d2
*** Element info: {Using=xpath, value=}
[INFO] 2015-10-13 19:56:48,106 Keywords pause - Pause function executed
[INFO] 2015-10-13 19:56:51,305 Keywords click - CLicking on the object specified
