[INFO] 2015-10-13 19:30:13,067 com.hybird.utility.ExcelDecissionMaker readYesModules - Reading all the modules which have run mode Yes.
[INFO] 2015-10-13 19:30:14,577 com.hybird.utility.ExcelDecissionMaker readYesTestCases - Authentication - Login
[INFO] 2015-10-13 19:30:14,678 Keywords openBrowser - Opening Chrome Browser
[INFO] 2015-10-13 19:30:21,151 Keywords navigate - Navigating to URL
[INFO] 2015-10-13 19:30:26,658 Keywords setText - CLicking on the object specified
[INFO] 2015-10-13 19:30:27,043 Keywords setText - CLicking on the object specified
[INFO] 2015-10-13 19:30:27,579 Keywords click - CLicking on the object specified
[INFO] 2015-10-13 19:30:27,878 Keywords pause - Pause function executed
[INFO] 2015-10-13 19:30:31,341 Keywords pause - Pause function executed
[INFO] 2015-10-13 19:30:34,702 Keywords click - CLicking on the object specified
[ERROR] 2015-10-13 19:30:36,353 Keywords click - An Error Occurred: unknown error: No selector specified
  (Session info: chrome=45.0.2454.101)
  (Driver info: chromedriver=2.9.248315,platform=Windows NT 6.1 SP1 x86_64) (WARNING: The server did not provide any stacktrace information)
Command duration or timeout: 1.05 seconds
Build info: version: '2.48.1', revision: 'd80083d8f7b0b0319976ef9712f7a2b531abaceb', time: '2015-10-08 14:16:53'
System info: host: 'Surojit', ip: '192.168.1.150', os.name: 'Windows 7', os.arch: 'amd64', os.version: '6.1', java.version: '1.8.0_60'
Driver info: org.openqa.selenium.chrome.ChromeDriver
Capabilities [{applicationCacheEnabled=false, rotatable=false, chrome={userDataDir=C:\Users\SUROJI~1\AppData\Local\Temp\scoped_dir9832_25985}, takesHeapSnapshot=true, databaseEnabled=false, handlesAlerts=true, version=45.0.2454.101, platform=XP, browserConnectionEnabled=false, nativeEvents=true, acceptSslCerts=true, locationContextEnabled=true, webStorageEnabled=true, browserName=chrome, takesScreenshot=true, javascriptEnabled=true, cssSelectorsEnabled=true}]
Session ID: 896af0199e523da8600b5966665d9731
*** Element info: {Using=css selector, value=}
[INFO] 2015-10-13 19:30:36,773 Keywords pause - Pause function executed
[INFO] 2015-10-13 19:30:40,081 Keywords click - CLicking on the object specified
[ERROR] 2015-10-13 19:30:40,815 Keywords click - An Error Occurred: invalid selector: Unable to locate an element with the xpath expression  because of the following error:
SyntaxError: Failed to execute 'evaluate' on 'Document': The string '' is not a valid XPath expression.
  (Session info: chrome=45.0.2454.101)
  (Driver info: chromedriver=2.9.248315,platform=Windows NT 6.1 SP1 x86_64) (WARNING: The server did not provide any stacktrace information)
Command duration or timeout: 133 milliseconds
For documentation on this error, please visit: http://seleniumhq.org/exceptions/invalid_selector_exception.html
Build info: version: '2.48.1', revision: 'd80083d8f7b0b0319976ef9712f7a2b531abaceb', time: '2015-10-08 14:16:53'
System info: host: 'Surojit', ip: '192.168.1.150', os.name: 'Windows 7', os.arch: 'amd64', os.version: '6.1', java.version: '1.8.0_60'
Driver info: org.openqa.selenium.chrome.ChromeDriver
Capabilities [{applicationCacheEnabled=false, rotatable=false, chrome={userDataDir=C:\Users\SUROJI~1\AppData\Local\Temp\scoped_dir9832_25985}, takesHeapSnapshot=true, databaseEnabled=false, handlesAlerts=true, version=45.0.2454.101, platform=XP, browserConnectionEnabled=false, nativeEvents=true, acceptSslCerts=true, locationContextEnabled=true, webStorageEnabled=true, browserName=chrome, takesScreenshot=true, javascriptEnabled=true, cssSelectorsEnabled=true}]
Session ID: 896af0199e523da8600b5966665d9731
*** Element info: {Using=xpath, value=}
[INFO] 2015-10-13 19:30:40,977 Keywords pause - Pause function executed
[INFO] 2015-10-13 19:30:44,220 Keywords click - CLicking on the object specified
