[INFO] 2015-10-13 19:15:05,263 Keywords navigate - Navigating to URL
[INFO] 2015-10-13 19:15:11,343 Keywords setText - CLicking on the object specified
[INFO] 2015-10-13 19:15:12,000 Keywords setText - CLicking on the object specified
[INFO] 2015-10-13 19:15:12,758 Keywords click - CLicking on the object specified
[INFO] 2015-10-13 19:15:13,329 Keywords pause - Pause function executed
[INFO] 2015-10-13 19:15:16,646 Keywords pause - Pause function executed
[INFO] 2015-10-13 19:15:20,135 Keywords click - CLicking on the object specified
[ERROR] 2015-10-13 19:15:22,271 Keywords click - An Error Occurred: unknown error: No selector specified
  (Session info: chrome=45.0.2454.101)
  (Driver info: chromedriver=2.9.248315,platform=Windows NT 6.1 SP1 x86_64) (WARNING: The server did not provide any stacktrace information)
Command duration or timeout: 121 milliseconds
Build info: version: '2.48.1', revision: 'd80083d8f7b0b0319976ef9712f7a2b531abaceb', time: '2015-10-08 14:16:53'
System info: host: 'Surojit', ip: '192.168.1.150', os.name: 'Windows 7', os.arch: 'amd64', os.version: '6.1', java.version: '1.8.0_60'
Driver info: org.openqa.selenium.chrome.ChromeDriver
Capabilities [{applicationCacheEnabled=false, rotatable=false, chrome={userDataDir=C:\Users\SUROJI~1\AppData\Local\Temp\scoped_dir20436_28320}, takesHeapSnapshot=true, databaseEnabled=false, handlesAlerts=true, version=45.0.2454.101, platform=XP, browserConnectionEnabled=false, nativeEvents=true, acceptSslCerts=true, locationContextEnabled=true, webStorageEnabled=true, browserName=chrome, takesScreenshot=true, javascriptEnabled=true, cssSelectorsEnabled=true}]
Session ID: af8ee41639adbc37d9dbfae26abeeb9c
*** Element info: {Using=css selector, value=}
[INFO] 2015-10-13 19:15:22,445 Keywords pause - Pause function executed
[INFO] 2015-10-13 19:15:25,546 Keywords click - CLicking on the object specified
[ERROR] 2015-10-13 19:15:26,187 Keywords click - An Error Occurred: no such element
  (Session info: chrome=45.0.2454.101)
  (Driver info: chromedriver=2.9.248315,platform=Windows NT 6.1 SP1 x86_64) (WARNING: The server did not provide any stacktrace information)
Command duration or timeout: 204 milliseconds
For documentation on this error, please visit: http://seleniumhq.org/exceptions/no_such_element.html
Build info: version: '2.48.1', revision: 'd80083d8f7b0b0319976ef9712f7a2b531abaceb', time: '2015-10-08 14:16:53'
System info: host: 'Surojit', ip: '192.168.1.150', os.name: 'Windows 7', os.arch: 'amd64', os.version: '6.1', java.version: '1.8.0_60'
Driver info: org.openqa.selenium.chrome.ChromeDriver
Capabilities [{applicationCacheEnabled=false, rotatable=false, chrome={userDataDir=C:\Users\SUROJI~1\AppData\Local\Temp\scoped_dir20436_28320}, takesHeapSnapshot=true, databaseEnabled=false, handlesAlerts=true, version=45.0.2454.101, platform=XP, browserConnectionEnabled=false, nativeEvents=true, acceptSslCerts=true, locationContextEnabled=true, webStorageEnabled=true, browserName=chrome, takesScreenshot=true, javascriptEnabled=true, cssSelectorsEnabled=true}]
Session ID: af8ee41639adbc37d9dbfae26abeeb9c
*** Element info: {Using=xpath, value=/html/body/div[8]/div[2]/div/div[1]/i/a}
[INFO] 2015-10-13 19:15:26,312 Keywords pause - Pause function executed
[INFO] 2015-10-13 19:15:29,447 Keywords click - CLicking on the object specified
