[INFO] 2015-10-15 20:28:22,613 com.htaf.utility.MasterDriver readYesModules - Reading all the modules which have run mode Yes.
[INFO] 2015-10-15 20:28:24,412 com.htaf.utility.MasterDriver readYesTestCases - Create New Status Update
[INFO] 2015-10-15 20:28:24,551 Keywords openBrowser - Opening Chrome Browser
[INFO] 2015-10-15 20:28:32,455 Keywords navigate - Navigating to URL
[INFO] 2015-10-15 20:28:39,619 Keywords setText - CLicking on the object specified
[INFO] 2015-10-15 20:28:40,462 Keywords setText - CLicking on the object specified
[INFO] 2015-10-15 20:28:41,042 Keywords click - CLicking on the object specified
[INFO] 2015-10-15 20:28:41,586 Keywords pause - Pause function executed
[INFO] 2015-10-15 20:28:44,796 Keywords click - CLicking on the object specified
[INFO] 2015-10-15 20:28:46,048 Keywords pause - Pause function executed
[INFO] 2015-10-15 20:28:49,324 Keywords click - CLicking on the object specified
[ERROR] 2015-10-15 20:28:50,235 Keywords click - An Error Occurred: no such element
  (Session info: chrome=45.0.2454.101)
  (Driver info: chromedriver=2.9.248315,platform=Windows NT 6.1 SP1 x86_64) (WARNING: The server did not provide any stacktrace information)
Command duration or timeout: 105 milliseconds
For documentation on this error, please visit: http://seleniumhq.org/exceptions/no_such_element.html
Build info: version: '2.48.2', revision: '41bccdd', time: '2015-10-09 19:55:52'
System info: host: 'Surojit', ip: '192.168.1.150', os.name: 'Windows 7', os.arch: 'amd64', os.version: '6.1', java.version: '1.8.0_60'
Driver info: org.openqa.selenium.chrome.ChromeDriver
Capabilities [{applicationCacheEnabled=false, rotatable=false, chrome={userDataDir=C:\Users\SUROJI~1\AppData\Local\Temp\scoped_dir24144_32159}, takesHeapSnapshot=true, databaseEnabled=false, handlesAlerts=true, version=45.0.2454.101, platform=XP, browserConnectionEnabled=false, nativeEvents=true, acceptSslCerts=true, locationContextEnabled=true, webStorageEnabled=true, browserName=chrome, takesScreenshot=true, javascriptEnabled=true, cssSelectorsEnabled=true}]
Session ID: 66c8d59db917402b029b0269834dffaa
*** Element info: {Using=xpath, value=//*[@id="post-generic"]/a/i}
[INFO] 2015-10-15 20:28:50,363 Keywords setText - CLicking on the object specified
[ERROR] 2015-10-15 20:28:51,215 Keywords setText - An Error Occurred: no such element
  (Session info: chrome=45.0.2454.101)
  (Driver info: chromedriver=2.9.248315,platform=Windows NT 6.1 SP1 x86_64) (WARNING: The server did not provide any stacktrace information)
Command duration or timeout: 356 milliseconds
For documentation on this error, please visit: http://seleniumhq.org/exceptions/no_such_element.html
Build info: version: '2.48.2', revision: '41bccdd', time: '2015-10-09 19:55:52'
System info: host: 'Surojit', ip: '192.168.1.150', os.name: 'Windows 7', os.arch: 'amd64', os.version: '6.1', java.version: '1.8.0_60'
Driver info: org.openqa.selenium.chrome.ChromeDriver
Capabilities [{applicationCacheEnabled=false, rotatable=false, chrome={userDataDir=C:\Users\SUROJI~1\AppData\Local\Temp\scoped_dir24144_32159}, takesHeapSnapshot=true, databaseEnabled=false, handlesAlerts=true, version=45.0.2454.101, platform=XP, browserConnectionEnabled=false, nativeEvents=true, acceptSslCerts=true, locationContextEnabled=true, webStorageEnabled=true, browserName=chrome, takesScreenshot=true, javascriptEnabled=true, cssSelectorsEnabled=true}]
Session ID: 66c8d59db917402b029b0269834dffaa
*** Element info: {Using=xpath, value=//*[@id="statusUpdate"]/div[2]/div[1]/div[1]/div[1]/textarea}
[INFO] 2015-10-15 20:28:51,353 Keywords click - CLicking on the object specified
[ERROR] 2015-10-15 20:28:51,652 Keywords click - An Error Occurred: unknown error: Compound class names not permitted
  (Session info: chrome=45.0.2454.101)
  (Driver info: chromedriver=2.9.248315,platform=Windows NT 6.1 SP1 x86_64) (WARNING: The server did not provide any stacktrace information)
Command duration or timeout: 33 milliseconds
Build info: version: '2.48.2', revision: '41bccdd', time: '2015-10-09 19:55:52'
System info: host: 'Surojit', ip: '192.168.1.150', os.name: 'Windows 7', os.arch: 'amd64', os.version: '6.1', java.version: '1.8.0_60'
Driver info: org.openqa.selenium.chrome.ChromeDriver
Capabilities [{applicationCacheEnabled=false, rotatable=false, chrome={userDataDir=C:\Users\SUROJI~1\AppData\Local\Temp\scoped_dir24144_32159}, takesHeapSnapshot=true, databaseEnabled=false, handlesAlerts=true, version=45.0.2454.101, platform=XP, browserConnectionEnabled=false, nativeEvents=true, acceptSslCerts=true, locationContextEnabled=true, webStorageEnabled=true, browserName=chrome, takesScreenshot=true, javascriptEnabled=true, cssSelectorsEnabled=true}]
Session ID: 66c8d59db917402b029b0269834dffaa
*** Element info: {Using=class name, value=post-status primary-btn}
[INFO] 2015-10-15 20:28:51,769 Keywords pause - Pause function executed
[INFO] 2015-10-15 20:28:55,222 Keywords click - CLicking on the object specified
[ERROR] 2015-10-15 20:28:55,974 Keywords isTextPresent - An error orrcured: no such element
  (Session info: chrome=45.0.2454.101)
  (Driver info: chromedriver=2.9.248315,platform=Windows NT 6.1 SP1 x86_64) (WARNING: The server did not provide any stacktrace information)
Command duration or timeout: 41 milliseconds
For documentation on this error, please visit: http://seleniumhq.org/exceptions/no_such_element.html
Build info: version: '2.48.2', revision: '41bccdd', time: '2015-10-09 19:55:52'
System info: host: 'Surojit', ip: '192.168.1.150', os.name: 'Windows 7', os.arch: 'amd64', os.version: '6.1', java.version: '1.8.0_60'
Driver info: org.openqa.selenium.chrome.ChromeDriver
Capabilities [{applicationCacheEnabled=false, rotatable=false, chrome={userDataDir=C:\Users\SUROJI~1\AppData\Local\Temp\scoped_dir24144_32159}, takesHeapSnapshot=true, databaseEnabled=false, handlesAlerts=true, version=45.0.2454.101, platform=XP, browserConnectionEnabled=false, nativeEvents=true, acceptSslCerts=true, locationContextEnabled=true, webStorageEnabled=true, browserName=chrome, takesScreenshot=true, javascriptEnabled=true, cssSelectorsEnabled=true}]
Session ID: 66c8d59db917402b029b0269834dffaa
*** Element info: {Using=xpath, value=//*[@id="sign_in_form"]/h1}
[INFO] 2015-10-15 20:28:56,092 Keywords quitBrowser - Closing the browser
